<?xml version="1.0" encoding="UTF-8"?>
<!-- Generated by org.testng.reporters.JUnitXMLReporter -->
<testsuite ignored="0" hostname="DESKTOP-3TAMLIN" failures="0" tests="12" name="Default test" time="284.225" errors="0" timestamp="09 Aug 2023 23:48:58 GMT">
  <testcase classname="com.hybridFramework.AddMaker.AddBankMakerTest" name="testLoginToAddBankMaker" time="1.379"/>
  <testcase classname="com.hybridFramework.AddMaker.AddBankMakerTest" name="testToAddBankMakerPage" time="13.967"/>
  <testcase classname="com.hybridFramework.AddMaker.AddBankMakerTest" name="testToBankchekerlogin" time="11.123"/>
  <testcase classname="com.hybridFramework.AddMaker.AddBankMakerTest" name="verifyAddcheckerListinBankCheckerpage" time="3.379"/>
  <testcase classname="com.hybridFramework.AddMaker.AddBankMakerTest" name="clickonsubmitbuttonAndverifySuccesfullMessagePage" time="3.76"/>
  <testcase classname="com.hybridFramework.AddMaker.AddBankMakerTest" name="gotoMakerWhenCheckerApprovedBankMakerpage" time="70.503"/>
  <testcase classname="com.hybridFramework.AddMaker.AddBankMakerTest" name="switchToMainwindow" time="15.576"/>
  <testcase classname="com.hybridFramework.AddMaker.AddBankMakerTest" name="testloginToBankCheckerPage" time="6.816"/>
  <testcase classname="com.hybridFramework.AddMaker.AddBankMakerTest" name="verifyBankCheckerPageListAfterModificationhasDoneByMaker" time="1.358"/>
  <testcase classname="com.hybridFramework.AddMaker.AddBankMakerTest" name="goToTheBankMakerToVerifyCheckerHasApprovedTheModifyData" time="68.494"/>
  <testcase classname="com.hybridFramework.AddMaker.AddBankMakerTest" name="switchTowindowModifyViewPageToAddBankMakerPage" time="15.904"/>
  <testcase classname="com.hybridFramework.AddMaker.AddBankMakerTest" name="testloginToBankCheckerToVerifyCheckerViewPageWhenModifedTheBankMaker" time="70.025"/>
</testsuite> <!-- Default test -->
