<?xml version="1.0" encoding="UTF-8"?>
<!-- Generated by org.testng.reporters.JUnitXMLReporter -->
<testsuite hostname="API-Laptop-065" ignored="0" name="FunctionalTest" tests="12" failures="0" timestamp="04 Sep 2020 19:09:34 GMT" time="248.564" errors="0">
  <testcase name="testLoginToTransactionFeeMaintenanceMaker" time="1.194" classname="com.hybridFramework.PagesOfCorporateDefinitionMakerTest.TransactionFeeMaintenanceMakerTest"/>
  <testcase name="testToAddTransactionFeeMaintenanceMaker" time="27.7" classname="com.hybridFramework.PagesOfCorporateDefinitionMakerTest.TransactionFeeMaintenanceMakerTest"/>
  <testcase name="loginToTransactionFeeMaintenanceChecker" time="5.622" classname="com.hybridFramework.PagesOfCorporateDefinitionMakerTest.TransactionFeeMaintenanceMakerTest"/>
  <testcase name="verifyAddcheckerListOnTransactionFeeMaintenanceCheckerpage" time="10.969" classname="com.hybridFramework.PagesOfCorporateDefinitionMakerTest.TransactionFeeMaintenanceMakerTest"/>
  <testcase name="clickonsubmitbuttonAndverifySuccesfullMessageOnCheckerPage" time="0.576" classname="com.hybridFramework.PagesOfCorporateDefinitionMakerTest.TransactionFeeMaintenanceMakerTest"/>
  <testcase name="gotoMakerWhenCheckerApprovedTransactionFeeMaintenanceMaker" time="54.916" classname="com.hybridFramework.PagesOfCorporateDefinitionMakerTest.TransactionFeeMaintenanceMakerTest"/>
  <testcase name="switchToMainwindowAndModifyTransactionFeeMaintenanceMaker" time="3.102" classname="com.hybridFramework.PagesOfCorporateDefinitionMakerTest.TransactionFeeMaintenanceMakerTest"/>
  <testcase name="testloginToTransactionFeeMaintenanceCheckerWhenModify" time="5.395" classname="com.hybridFramework.PagesOfCorporateDefinitionMakerTest.TransactionFeeMaintenanceMakerTest"/>
  <testcase name="verifyTransactionFeeMaintenanceCheckerPageListAfterModificationhasDoneByMaker" time="3.78" classname="com.hybridFramework.PagesOfCorporateDefinitionMakerTest.TransactionFeeMaintenanceMakerTest"/>
  <testcase name="goToThTransactionFeeMaintenanceMakerToVerifyCheckerHasApprovedTheModifyData" time="58.569" classname="com.hybridFramework.PagesOfCorporateDefinitionMakerTest.TransactionFeeMaintenanceMakerTest"/>
  <testcase name="switchTowindowModifyViewPageToTransactionFeeMaintenanceMakerPage" time="15.704" classname="com.hybridFramework.PagesOfCorporateDefinitionMakerTest.TransactionFeeMaintenanceMakerTest"/>
  <testcase name="testToVerifyCheckerViewPageWhenModifedTheTransactionFeeMaintenanceMaker" time="56.72" classname="com.hybridFramework.PagesOfCorporateDefinitionMakerTest.TransactionFeeMaintenanceMakerTest"/>
</testsuite> <!-- FunctionalTest -->
